<?xml version="1.0" encoding="UTF-8"?>
<!-- Generated by org.testng.reporters.JUnitReportReporter -->
<testsuite hostname="DESKTOP-8TDN02Q" failures="0" tests="5" name="testproductapi.ProductAPITests" time="8.252" errors="0" timestamp="2024-02-11T01:54:47 EET" skipped="0">
  <testcase classname="testproductapi.ProductAPITests" name="testGetProductsPage2WithSize3" time="0.902"/>
  <system-out/>
  <testcase classname="testproductapi.ProductAPITests" name="testGetProductsInvalidPage" time="0.966"/>
  <system-out/>
  <testcase classname="testproductapi.ProductAPITests" name="testGetProductsInvalidSize" time="1.041"/>
  <system-out/>
  <testcase classname="testproductapi.ProductAPITests" name="testGetAllProducts" time="4.261"/>
  <system-out/>
  <testcase classname="testproductapi.ProductAPITests" name="testGetProductsPage1WithSize10" time="1.082"/>
  <system-out/>
</testsuite> <!-- testproductapi.ProductAPITests -->
